  소스.cpp
c:\users\sewon\onedrive\desktop\win\최종\windowprogramming\소스.cpp(19): error C2440: '초기화 중': 'const wchar_t [18]'에서 'LPCTSTR'(으)로 변환할 수 없습니다.
  c:\users\sewon\onedrive\desktop\win\최종\windowprogramming\소스.cpp(19): note: 가리킨 형식이 관련이 없습니다. 변환하려면 reinterpret_cast, C 스타일 캐스트 또는 함수 스타일 캐스트가 필요합니다.
c:\users\sewon\onedrive\desktop\win\최종\windowprogramming\소스.cpp(20): error C2440: '초기화 중': 'const wchar_t [20]'에서 'LPCTSTR'(으)로 변환할 수 없습니다.
  c:\users\sewon\onedrive\desktop\win\최종\windowprogramming\소스.cpp(20): note: 가리킨 형식이 관련이 없습니다. 변환하려면 reinterpret_cast, C 스타일 캐스트 또는 함수 스타일 캐스트가 필요합니다.
c:\users\sewon\onedrive\desktop\win\최종\windowprogramming\소스.cpp(95): warning C4244: '=': 'double'에서 'int'(으)로 변환하면서 데이터가 손실될 수 있습니다.
c:\users\sewon\onedrive\desktop\win\최종\windowprogramming\소스.cpp(100): warning C4244: '=': 'double'에서 'int'(으)로 변환하면서 데이터가 손실될 수 있습니다.
c:\users\sewon\onedrive\desktop\win\최종\windowprogramming\소스.cpp(201): warning C4244: '=': 'double'에서 'int'(으)로 변환하면서 데이터가 손실될 수 있습니다.
c:\users\sewon\onedrive\desktop\win\최종\windowprogramming\소스.cpp(203): warning C4244: '=': 'double'에서 'int'(으)로 변환하면서 데이터가 손실될 수 있습니다.
c:\users\sewon\onedrive\desktop\win\최종\windowprogramming\소스.cpp(204): warning C4244: '=': 'double'에서 'int'(으)로 변환하면서 데이터가 손실될 수 있습니다.
c:\users\sewon\onedrive\desktop\win\최종\windowprogramming\소스.cpp(250): warning C4244: '=': 'double'에서 'int'(으)로 변환하면서 데이터가 손실될 수 있습니다.
c:\users\sewon\onedrive\desktop\win\최종\windowprogramming\소스.cpp(252): warning C4244: '=': 'double'에서 'int'(으)로 변환하면서 데이터가 손실될 수 있습니다.
c:\users\sewon\onedrive\desktop\win\최종\windowprogramming\소스.cpp(253): warning C4244: '=': 'double'에서 'int'(으)로 변환하면서 데이터가 손실될 수 있습니다.
c:\users\sewon\onedrive\desktop\win\최종\windowprogramming\소스.cpp(407): warning C4244: '인수': 'double'에서 'int'(으)로 변환하면서 데이터가 손실될 수 있습니다.
c:\users\sewon\onedrive\desktop\win\최종\windowprogramming\소스.cpp(413): warning C4244: '인수': 'double'에서 'int'(으)로 변환하면서 데이터가 손실될 수 있습니다.
c:\users\sewon\onedrive\desktop\win\최종\windowprogramming\소스.cpp(419): warning C4244: '인수': 'double'에서 'int'(으)로 변환하면서 데이터가 손실될 수 있습니다.
c:\users\sewon\onedrive\desktop\win\최종\windowprogramming\소스.cpp(425): warning C4244: '인수': 'double'에서 'int'(으)로 변환하면서 데이터가 손실될 수 있습니다.
c:\users\sewon\onedrive\desktop\win\최종\windowprogramming\소스.cpp(426): warning C4244: '인수': 'double'에서 'int'(으)로 변환하면서 데이터가 손실될 수 있습니다.
c:\users\sewon\onedrive\desktop\win\최종\windowprogramming\소스.cpp(427): warning C4244: '인수': 'double'에서 'int'(으)로 변환하면서 데이터가 손실될 수 있습니다.
c:\users\sewon\onedrive\desktop\win\최종\windowprogramming\소스.cpp(428): warning C4244: '인수': 'double'에서 'int'(으)로 변환하면서 데이터가 손실될 수 있습니다.
c:\users\sewon\onedrive\desktop\win\최종\windowprogramming\소스.cpp(429): warning C4244: '인수': 'double'에서 'int'(으)로 변환하면서 데이터가 손실될 수 있습니다.
c:\users\sewon\onedrive\desktop\win\최종\windowprogramming\소스.cpp(430): warning C4244: '인수': 'double'에서 'int'(으)로 변환하면서 데이터가 손실될 수 있습니다.
c:\users\sewon\onedrive\desktop\win\최종\windowprogramming\소스.cpp(431): warning C4244: '인수': 'double'에서 'int'(으)로 변환하면서 데이터가 손실될 수 있습니다.
c:\users\sewon\onedrive\desktop\win\최종\windowprogramming\소스.cpp(432): warning C4244: '인수': 'double'에서 'int'(으)로 변환하면서 데이터가 손실될 수 있습니다.
c:\users\sewon\onedrive\desktop\win\최종\windowprogramming\소스.cpp(441): warning C4244: '인수': 'double'에서 'int'(으)로 변환하면서 데이터가 손실될 수 있습니다.
c:\users\sewon\onedrive\desktop\win\최종\windowprogramming\소스.cpp(447): warning C4244: '인수': 'double'에서 'int'(으)로 변환하면서 데이터가 손실될 수 있습니다.
c:\users\sewon\onedrive\desktop\win\최종\windowprogramming\소스.cpp(453): warning C4244: '인수': 'double'에서 'int'(으)로 변환하면서 데이터가 손실될 수 있습니다.
c:\users\sewon\onedrive\desktop\win\최종\windowprogramming\소스.cpp(460): warning C4244: '인수': 'double'에서 'int'(으)로 변환하면서 데이터가 손실될 수 있습니다.
c:\users\sewon\onedrive\desktop\win\최종\windowprogramming\소스.cpp(461): warning C4244: '인수': 'double'에서 'int'(으)로 변환하면서 데이터가 손실될 수 있습니다.
c:\users\sewon\onedrive\desktop\win\최종\windowprogramming\소스.cpp(467): warning C4244: '인수': 'double'에서 'int'(으)로 변환하면서 데이터가 손실될 수 있습니다.
c:\users\sewon\onedrive\desktop\win\최종\windowprogramming\소스.cpp(468): warning C4244: '인수': 'double'에서 'int'(으)로 변환하면서 데이터가 손실될 수 있습니다.
c:\users\sewon\onedrive\desktop\win\최종\windowprogramming\소스.cpp(480): warning C4244: '인수': 'double'에서 'int'(으)로 변환하면서 데이터가 손실될 수 있습니다.
c:\users\sewon\onedrive\desktop\win\최종\windowprogramming\소스.cpp(483): warning C4244: '인수': 'double'에서 'int'(으)로 변환하면서 데이터가 손실될 수 있습니다.
c:\users\sewon\onedrive\desktop\win\최종\windowprogramming\소스.cpp(486): warning C4244: '인수': 'double'에서 'int'(으)로 변환하면서 데이터가 손실될 수 있습니다.
c:\users\sewon\onedrive\desktop\win\최종\windowprogramming\소스.cpp(489): warning C4244: '인수': 'double'에서 'int'(으)로 변환하면서 데이터가 손실될 수 있습니다.
c:\users\sewon\onedrive\desktop\win\최종\windowprogramming\소스.cpp(492): warning C4244: '인수': 'double'에서 'int'(으)로 변환하면서 데이터가 손실될 수 있습니다.
c:\users\sewon\onedrive\desktop\win\최종\windowprogramming\소스.cpp(495): warning C4244: '인수': 'double'에서 'int'(으)로 변환하면서 데이터가 손실될 수 있습니다.
c:\users\sewon\onedrive\desktop\win\최종\windowprogramming\소스.cpp(498): warning C4244: '인수': 'double'에서 'int'(으)로 변환하면서 데이터가 손실될 수 있습니다.
c:\users\sewon\onedrive\desktop\win\최종\windowprogramming\소스.cpp(501): warning C4244: '인수': 'double'에서 'int'(으)로 변환하면서 데이터가 손실될 수 있습니다.
c:\users\sewon\onedrive\desktop\win\최종\windowprogramming\소스.cpp(504): warning C4244: '인수': 'double'에서 'int'(으)로 변환하면서 데이터가 손실될 수 있습니다.
c:\users\sewon\onedrive\desktop\win\최종\windowprogramming\소스.cpp(507): warning C4244: '인수': 'double'에서 'int'(으)로 변환하면서 데이터가 손실될 수 있습니다.
c:\users\sewon\onedrive\desktop\win\최종\windowprogramming\소스.cpp(513): warning C4244: '인수': 'double'에서 'int'(으)로 변환하면서 데이터가 손실될 수 있습니다.
c:\users\sewon\onedrive\desktop\win\최종\windowprogramming\소스.cpp(520): warning C4244: '인수': 'double'에서 'int'(으)로 변환하면서 데이터가 손실될 수 있습니다.
c:\users\sewon\onedrive\desktop\win\최종\windowprogramming\소스.cpp(523): warning C4244: '인수': 'double'에서 'int'(으)로 변환하면서 데이터가 손실될 수 있습니다.
c:\users\sewon\onedrive\desktop\win\최종\windowprogramming\소스.cpp(526): warning C4244: '인수': 'double'에서 'int'(으)로 변환하면서 데이터가 손실될 수 있습니다.
c:\users\sewon\onedrive\desktop\win\최종\windowprogramming\소스.cpp(529): warning C4244: '인수': 'double'에서 'int'(으)로 변환하면서 데이터가 손실될 수 있습니다.
c:\users\sewon\onedrive\desktop\win\최종\windowprogramming\소스.cpp(532): warning C4244: '인수': 'double'에서 'int'(으)로 변환하면서 데이터가 손실될 수 있습니다.
c:\users\sewon\onedrive\desktop\win\최종\windowprogramming\소스.cpp(535): warning C4244: '인수': 'double'에서 'int'(으)로 변환하면서 데이터가 손실될 수 있습니다.
c:\users\sewon\onedrive\desktop\win\최종\windowprogramming\소스.cpp(538): warning C4244: '인수': 'double'에서 'int'(으)로 변환하면서 데이터가 손실될 수 있습니다.
c:\users\sewon\onedrive\desktop\win\최종\windowprogramming\소스.cpp(541): warning C4244: '인수': 'double'에서 'int'(으)로 변환하면서 데이터가 손실될 수 있습니다.
c:\users\sewon\onedrive\desktop\win\최종\windowprogramming\소스.cpp(544): warning C4244: '인수': 'double'에서 'int'(으)로 변환하면서 데이터가 손실될 수 있습니다.
c:\users\sewon\onedrive\desktop\win\최종\windowprogramming\소스.cpp(547): warning C4244: '인수': 'double'에서 'int'(으)로 변환하면서 데이터가 손실될 수 있습니다.
c:\users\sewon\onedrive\desktop\win\최종\windowprogramming\소스.cpp(550): warning C4244: '인수': 'double'에서 'int'(으)로 변환하면서 데이터가 손실될 수 있습니다.
c:\users\sewon\onedrive\desktop\win\최종\windowprogramming\소스.cpp(556): warning C4244: '인수': 'double'에서 'int'(으)로 변환하면서 데이터가 손실될 수 있습니다.
c:\users\sewon\onedrive\desktop\win\최종\windowprogramming\소스.cpp(564): warning C4244: '인수': 'double'에서 'int'(으)로 변환하면서 데이터가 손실될 수 있습니다.
c:\users\sewon\onedrive\desktop\win\최종\windowprogramming\소스.cpp(572): warning C4244: '인수': 'double'에서 'int'(으)로 변환하면서 데이터가 손실될 수 있습니다.
c:\users\sewon\onedrive\desktop\win\최종\windowprogramming\소스.cpp(578): warning C4244: '인수': 'double'에서 'int'(으)로 변환하면서 데이터가 손실될 수 있습니다.
c:\users\sewon\onedrive\desktop\win\최종\windowprogramming\소스.cpp(584): warning C4244: '인수': 'double'에서 'int'(으)로 변환하면서 데이터가 손실될 수 있습니다.
c:\users\sewon\onedrive\desktop\win\최종\windowprogramming\소스.cpp(905): warning C4244: '=': 'double'에서 'LONG'(으)로 변환하면서 데이터가 손실될 수 있습니다.
c:\users\sewon\onedrive\desktop\win\최종\windowprogramming\소스.cpp(920): warning C4244: '=': 'double'에서 'LONG'(으)로 변환하면서 데이터가 손실될 수 있습니다.
c:\users\sewon\onedrive\desktop\win\최종\windowprogramming\소스.cpp(968): warning C4244: '=': 'double'에서 'LONG'(으)로 변환하면서 데이터가 손실될 수 있습니다.
c:\users\sewon\onedrive\desktop\win\최종\windowprogramming\소스.cpp(983): warning C4244: '=': 'double'에서 'LONG'(으)로 변환하면서 데이터가 손실될 수 있습니다.
