  소스.cpp
C:\Users\wwkki\OneDrive\바탕 화면\최종\WindowProgramming\소스.cpp(95): warning C4244: '=': 'double'에서 'int'(으)로 변환하면서 데이터가 손실될 수 있습니다.
C:\Users\wwkki\OneDrive\바탕 화면\최종\WindowProgramming\소스.cpp(101): warning C4244: '=': 'double'에서 'int'(으)로 변환하면서 데이터가 손실될 수 있습니다.
C:\Users\wwkki\OneDrive\바탕 화면\최종\WindowProgramming\소스.cpp(221): warning C4244: '=': 'double'에서 'int'(으)로 변환하면서 데이터가 손실될 수 있습니다.
C:\Users\wwkki\OneDrive\바탕 화면\최종\WindowProgramming\소스.cpp(223): warning C4244: '=': 'double'에서 'int'(으)로 변환하면서 데이터가 손실될 수 있습니다.
C:\Users\wwkki\OneDrive\바탕 화면\최종\WindowProgramming\소스.cpp(224): warning C4244: '=': 'double'에서 'int'(으)로 변환하면서 데이터가 손실될 수 있습니다.
C:\Users\wwkki\OneDrive\바탕 화면\최종\WindowProgramming\소스.cpp(283): warning C4244: '=': 'double'에서 'int'(으)로 변환하면서 데이터가 손실될 수 있습니다.
C:\Users\wwkki\OneDrive\바탕 화면\최종\WindowProgramming\소스.cpp(285): warning C4244: '=': 'double'에서 'int'(으)로 변환하면서 데이터가 손실될 수 있습니다.
C:\Users\wwkki\OneDrive\바탕 화면\최종\WindowProgramming\소스.cpp(286): warning C4244: '=': 'double'에서 'int'(으)로 변환하면서 데이터가 손실될 수 있습니다.
C:\Users\wwkki\OneDrive\바탕 화면\최종\WindowProgramming\소스.cpp(452): warning C4244: '인수': 'double'에서 'int'(으)로 변환하면서 데이터가 손실될 수 있습니다.
C:\Users\wwkki\OneDrive\바탕 화면\최종\WindowProgramming\소스.cpp(467): warning C4244: '인수': 'double'에서 'int'(으)로 변환하면서 데이터가 손실될 수 있습니다.
C:\Users\wwkki\OneDrive\바탕 화면\최종\WindowProgramming\소스.cpp(473): warning C4244: '인수': 'double'에서 'int'(으)로 변환하면서 데이터가 손실될 수 있습니다.
C:\Users\wwkki\OneDrive\바탕 화면\최종\WindowProgramming\소스.cpp(479): warning C4244: '인수': 'double'에서 'int'(으)로 변환하면서 데이터가 손실될 수 있습니다.
C:\Users\wwkki\OneDrive\바탕 화면\최종\WindowProgramming\소스.cpp(480): warning C4244: '인수': 'double'에서 'int'(으)로 변환하면서 데이터가 손실될 수 있습니다.
C:\Users\wwkki\OneDrive\바탕 화면\최종\WindowProgramming\소스.cpp(481): warning C4244: '인수': 'double'에서 'int'(으)로 변환하면서 데이터가 손실될 수 있습니다.
C:\Users\wwkki\OneDrive\바탕 화면\최종\WindowProgramming\소스.cpp(482): warning C4244: '인수': 'double'에서 'int'(으)로 변환하면서 데이터가 손실될 수 있습니다.
C:\Users\wwkki\OneDrive\바탕 화면\최종\WindowProgramming\소스.cpp(483): warning C4244: '인수': 'double'에서 'int'(으)로 변환하면서 데이터가 손실될 수 있습니다.
C:\Users\wwkki\OneDrive\바탕 화면\최종\WindowProgramming\소스.cpp(484): warning C4244: '인수': 'double'에서 'int'(으)로 변환하면서 데이터가 손실될 수 있습니다.
C:\Users\wwkki\OneDrive\바탕 화면\최종\WindowProgramming\소스.cpp(485): warning C4244: '인수': 'double'에서 'int'(으)로 변환하면서 데이터가 손실될 수 있습니다.
C:\Users\wwkki\OneDrive\바탕 화면\최종\WindowProgramming\소스.cpp(486): warning C4244: '인수': 'double'에서 'int'(으)로 변환하면서 데이터가 손실될 수 있습니다.
C:\Users\wwkki\OneDrive\바탕 화면\최종\WindowProgramming\소스.cpp(495): warning C4244: '인수': 'double'에서 'int'(으)로 변환하면서 데이터가 손실될 수 있습니다.
C:\Users\wwkki\OneDrive\바탕 화면\최종\WindowProgramming\소스.cpp(501): warning C4244: '인수': 'double'에서 'int'(으)로 변환하면서 데이터가 손실될 수 있습니다.
C:\Users\wwkki\OneDrive\바탕 화면\최종\WindowProgramming\소스.cpp(507): warning C4244: '인수': 'double'에서 'int'(으)로 변환하면서 데이터가 손실될 수 있습니다.
C:\Users\wwkki\OneDrive\바탕 화면\최종\WindowProgramming\소스.cpp(514): warning C4244: '인수': 'double'에서 'int'(으)로 변환하면서 데이터가 손실될 수 있습니다.
C:\Users\wwkki\OneDrive\바탕 화면\최종\WindowProgramming\소스.cpp(515): warning C4244: '인수': 'double'에서 'int'(으)로 변환하면서 데이터가 손실될 수 있습니다.
C:\Users\wwkki\OneDrive\바탕 화면\최종\WindowProgramming\소스.cpp(521): warning C4244: '인수': 'double'에서 'int'(으)로 변환하면서 데이터가 손실될 수 있습니다.
C:\Users\wwkki\OneDrive\바탕 화면\최종\WindowProgramming\소스.cpp(522): warning C4244: '인수': 'double'에서 'int'(으)로 변환하면서 데이터가 손실될 수 있습니다.
C:\Users\wwkki\OneDrive\바탕 화면\최종\WindowProgramming\소스.cpp(534): warning C4244: '인수': 'double'에서 'int'(으)로 변환하면서 데이터가 손실될 수 있습니다.
C:\Users\wwkki\OneDrive\바탕 화면\최종\WindowProgramming\소스.cpp(537): warning C4244: '인수': 'double'에서 'int'(으)로 변환하면서 데이터가 손실될 수 있습니다.
C:\Users\wwkki\OneDrive\바탕 화면\최종\WindowProgramming\소스.cpp(540): warning C4244: '인수': 'double'에서 'int'(으)로 변환하면서 데이터가 손실될 수 있습니다.
C:\Users\wwkki\OneDrive\바탕 화면\최종\WindowProgramming\소스.cpp(543): warning C4244: '인수': 'double'에서 'int'(으)로 변환하면서 데이터가 손실될 수 있습니다.
C:\Users\wwkki\OneDrive\바탕 화면\최종\WindowProgramming\소스.cpp(546): warning C4244: '인수': 'double'에서 'int'(으)로 변환하면서 데이터가 손실될 수 있습니다.
C:\Users\wwkki\OneDrive\바탕 화면\최종\WindowProgramming\소스.cpp(549): warning C4244: '인수': 'double'에서 'int'(으)로 변환하면서 데이터가 손실될 수 있습니다.
C:\Users\wwkki\OneDrive\바탕 화면\최종\WindowProgramming\소스.cpp(552): warning C4244: '인수': 'double'에서 'int'(으)로 변환하면서 데이터가 손실될 수 있습니다.
C:\Users\wwkki\OneDrive\바탕 화면\최종\WindowProgramming\소스.cpp(555): warning C4244: '인수': 'double'에서 'int'(으)로 변환하면서 데이터가 손실될 수 있습니다.
C:\Users\wwkki\OneDrive\바탕 화면\최종\WindowProgramming\소스.cpp(558): warning C4244: '인수': 'double'에서 'int'(으)로 변환하면서 데이터가 손실될 수 있습니다.
C:\Users\wwkki\OneDrive\바탕 화면\최종\WindowProgramming\소스.cpp(561): warning C4244: '인수': 'double'에서 'int'(으)로 변환하면서 데이터가 손실될 수 있습니다.
C:\Users\wwkki\OneDrive\바탕 화면\최종\WindowProgramming\소스.cpp(567): warning C4244: '인수': 'double'에서 'int'(으)로 변환하면서 데이터가 손실될 수 있습니다.
C:\Users\wwkki\OneDrive\바탕 화면\최종\WindowProgramming\소스.cpp(574): warning C4244: '인수': 'double'에서 'int'(으)로 변환하면서 데이터가 손실될 수 있습니다.
C:\Users\wwkki\OneDrive\바탕 화면\최종\WindowProgramming\소스.cpp(577): warning C4244: '인수': 'double'에서 'int'(으)로 변환하면서 데이터가 손실될 수 있습니다.
C:\Users\wwkki\OneDrive\바탕 화면\최종\WindowProgramming\소스.cpp(580): warning C4244: '인수': 'double'에서 'int'(으)로 변환하면서 데이터가 손실될 수 있습니다.
C:\Users\wwkki\OneDrive\바탕 화면\최종\WindowProgramming\소스.cpp(583): warning C4244: '인수': 'double'에서 'int'(으)로 변환하면서 데이터가 손실될 수 있습니다.
C:\Users\wwkki\OneDrive\바탕 화면\최종\WindowProgramming\소스.cpp(586): warning C4244: '인수': 'double'에서 'int'(으)로 변환하면서 데이터가 손실될 수 있습니다.
C:\Users\wwkki\OneDrive\바탕 화면\최종\WindowProgramming\소스.cpp(589): warning C4244: '인수': 'double'에서 'int'(으)로 변환하면서 데이터가 손실될 수 있습니다.
C:\Users\wwkki\OneDrive\바탕 화면\최종\WindowProgramming\소스.cpp(592): warning C4244: '인수': 'double'에서 'int'(으)로 변환하면서 데이터가 손실될 수 있습니다.
C:\Users\wwkki\OneDrive\바탕 화면\최종\WindowProgramming\소스.cpp(595): warning C4244: '인수': 'double'에서 'int'(으)로 변환하면서 데이터가 손실될 수 있습니다.
C:\Users\wwkki\OneDrive\바탕 화면\최종\WindowProgramming\소스.cpp(598): warning C4244: '인수': 'double'에서 'int'(으)로 변환하면서 데이터가 손실될 수 있습니다.
C:\Users\wwkki\OneDrive\바탕 화면\최종\WindowProgramming\소스.cpp(601): warning C4244: '인수': 'double'에서 'int'(으)로 변환하면서 데이터가 손실될 수 있습니다.
C:\Users\wwkki\OneDrive\바탕 화면\최종\WindowProgramming\소스.cpp(604): warning C4244: '인수': 'double'에서 'int'(으)로 변환하면서 데이터가 손실될 수 있습니다.
C:\Users\wwkki\OneDrive\바탕 화면\최종\WindowProgramming\소스.cpp(610): warning C4244: '인수': 'double'에서 'int'(으)로 변환하면서 데이터가 손실될 수 있습니다.
C:\Users\wwkki\OneDrive\바탕 화면\최종\WindowProgramming\소스.cpp(618): warning C4244: '인수': 'double'에서 'int'(으)로 변환하면서 데이터가 손실될 수 있습니다.
C:\Users\wwkki\OneDrive\바탕 화면\최종\WindowProgramming\소스.cpp(626): warning C4244: '인수': 'double'에서 'int'(으)로 변환하면서 데이터가 손실될 수 있습니다.
C:\Users\wwkki\OneDrive\바탕 화면\최종\WindowProgramming\소스.cpp(632): warning C4244: '인수': 'double'에서 'int'(으)로 변환하면서 데이터가 손실될 수 있습니다.
C:\Users\wwkki\OneDrive\바탕 화면\최종\WindowProgramming\소스.cpp(638): warning C4244: '인수': 'double'에서 'int'(으)로 변환하면서 데이터가 손실될 수 있습니다.
C:\Users\wwkki\OneDrive\바탕 화면\최종\WindowProgramming\소스.cpp(959): warning C4244: '=': 'double'에서 'LONG'(으)로 변환하면서 데이터가 손실될 수 있습니다.
C:\Users\wwkki\OneDrive\바탕 화면\최종\WindowProgramming\소스.cpp(974): warning C4244: '=': 'double'에서 'LONG'(으)로 변환하면서 데이터가 손실될 수 있습니다.
C:\Users\wwkki\OneDrive\바탕 화면\최종\WindowProgramming\소스.cpp(1022): warning C4244: '=': 'double'에서 'LONG'(으)로 변환하면서 데이터가 손실될 수 있습니다.
C:\Users\wwkki\OneDrive\바탕 화면\최종\WindowProgramming\소스.cpp(1037): warning C4244: '=': 'double'에서 'LONG'(으)로 변환하면서 데이터가 손실될 수 있습니다.
C:\Users\wwkki\OneDrive\바탕 화면\최종\WindowProgramming\소스.cpp(150): warning C4101: 'hdc' :참조되지 않은 지역 변수입니다.
  코드를 생성하고 있습니다.
  1 of 33 functions ( 3.0%) were compiled, the rest were copied from previous compilation.
    0 functions were new in current compilation
    2 functions had inline decision re-evaluated but remain unchanged
  코드를 생성했습니다.
  WindowProgramming.vcxproj -> C:\Users\wwkki\OneDrive\바탕 화면\최종\Release\WindowProgramming.exe
